[2025-04-04T20:00:13.401Z] {
  "name": "test",
  "email": "Not provided",
  "feedbackType": "suggestion",
  "message": "tesd",
  "timestamp": "2025-04-04T20:00:13.400Z",
  "userAgent": "Mozilla/5.0 (Macintosh; Intel Mac OS X 10_15_7) AppleWebKit/537.36 (KHTML, like Gecko) Chrome/135.0.0.0 Safari/537.36",
  "ipAddress": "::1"
}

[2025-04-08T19:20:44.793Z] {
  "name": "Test",
  "email": "Not provided",
  "feedbackType": "suggestion",
  "message": "Hello!",
  "timestamp": "2025-04-08T19:20:44.793Z",
  "userAgent": "Mozilla/5.0 (iPhone; CPU iPhone OS 16_6 like Mac OS X) AppleWebKit/605.1.15 (KHTML, like Gecko) Version/16.6 Mobile/15E148 Safari/604.1",
  "ipAddress": "::1"
}

[2025-08-13T09:39:40.769Z] {
  "name": "Joe Bloggs",
  "email": "joe@bloggs.com",
  "feedbackType": "suggestion",
  "message": "Hi, great app!",
  "timestamp": "2025-08-13T09:39:40.769Z",
  "userAgent": "Mozilla/5.0 (Macintosh; Intel Mac OS X 10_15_7) AppleWebKit/537.36 (KHTML, like Gecko) Chrome/139.0.0.0 Safari/537.36",
  "ipAddress": "::1"
}

[2025-08-19T21:41:30.989Z] {
  "name": "Anonymous",
  "email": "Not provided",
  "feedbackType": "other",
  "message": "Love the site! ",
  "timestamp": "2025-08-19T21:41:30.989Z",
  "userAgent": "Mozilla/5.0 (Macintosh; Intel Mac OS X 10_15_7) AppleWebKit/537.36 (KHTML, like Gecko) Chrome/139.0.0.0 Safari/537.36",
  "ipAddress": "::1"
}

